#
# There is insufficient memory for the Java Runtime Environment to continue.
# Native memory allocation (mmap) failed to map 67108864 bytes for G1 virtual space
# Possible reasons:
#   The system is out of physical RAM or swap space
#   The process is running with CompressedOops enabled, and the Java Heap may be blocking the growth of the native heap
# Possible solutions:
#   Reduce memory load on the system
#   Increase physical memory or swap space
#   Check if swap backing store is full
#   Decrease Java heap size (-Xmx/-Xms)
#   Decrease number of Java threads
#   Decrease Java thread stack sizes (-Xss)
#   Set larger code cache with -XX:ReservedCodeCacheSize=
#   JVM is running with Unscaled Compressed Oops mode in which the Java heap is
#     placed in the first 4GB address space. The Java Heap base address is the
#     maximum limit for the native heap growth. Please use -XX:HeapBaseMinAddress
#     to set the Java Heap base and to place the Java Heap above 4GB virtual address.
# This output file may be truncated or incomplete.
#
#  Out of Memory Error (os_windows.cpp:3530), pid=412, tid=6360
#
# JRE version:  (18.0.1.1+2) (build )
# Java VM: Java HotSpot(TM) 64-Bit Server VM (18.0.1.1+2-6, mixed mode, sharing, tiered, compressed oops, compressed class ptrs, g1 gc, windows-amd64)
# No core dump will be written. Minidumps are not enabled by default on client versions of Windows
#

---------------  S U M M A R Y ------------

Command Line: -Dfile.encoding=UTF-8 -XX:+ShowCodeDetailsInExceptionMessages WordSearchFromFile

Host: Intel(R) Core(TM) i5-7300U CPU @ 2.60GHz, 4 cores, 3G,  Windows 10 , 64 bit Build 19041 (10.0.19041.1806)
Time: Fri Aug  5 18:13:50 2022 India Standard Time elapsed time: 0.022198 seconds (0d 0h 0m 0s)

---------------  T H R E A D  ---------------

Current thread (0x000001ed1056ce40):  JavaThread "Unknown thread" [_thread_in_vm, id=6360, stack(0x0000000593400000,0x0000000593500000)]

Stack: [0x0000000593400000,0x0000000593500000]
Native frames: (J=compiled Java code, j=interpreted, Vv=VM code, C=native code)
V  [jvm.dll+0x69887a]
V  [jvm.dll+0x7f38bd]
V  [jvm.dll+0x7f51ce]
V  [jvm.dll+0x7f5883]
V  [jvm.dll+0x25ca3f]
V  [jvm.dll+0x6957c9]
V  [jvm.dll+0x68a2fa]
V  [jvm.dll+0x321efb]
V  [jvm.dll+0x3298d6]
V  [jvm.dll+0x37e47e]
V  [jvm.dll+0x37e6af]
V  [jvm.dll+0x2f9c7a]
V  [jvm.dll+0x2facdd]
V  [jvm.dll+0x7c24f0]
V  [jvm.dll+0x38b801]
V  [jvm.dll+0x7a1203]
V  [jvm.dll+0x40d6bf]
V  [jvm.dll+0x40f091]
C  [jli.dll+0x526b]
C  [ucrtbase.dll+0x21bb2]
C  [KERNEL32.DLL+0x17034]
C  [ntdll.dll+0x52651]


---------------  P R O C E S S  ---------------

Threads class SMR info:
_java_thread_list=0x00007ffd1c5bd550, length=0, elements={
}

Java Threads: ( => current thread )

Other Threads:
  0x000001ed105ad720 WorkerThread "GC Thread#0" [stack: 0x0000000593500000,0x0000000593600000] [id=14316]
  0x000001ed105b6a70 ConcurrentGCThread "G1 Main Marker" [stack: 0x0000000593600000,0x0000000593700000] [id=10056]
  0x000001ed105b7460 WorkerThread "G1 Conc#0" [stack: 0x0000000593700000,0x0000000593800000] [id=3808]

[error occurred during error reporting (printing all threads), id 0xc0000005, EXCEPTION_ACCESS_VIOLATION (0xc0000005) at pc=0x00007ffd1bdea217]

VM state: not at safepoint (not fully initialized)

VM Mutex/Monitor currently owned by a thread:  ([mutex/lock_event])
[0x000001ed10568e40] Heap_lock - owner thread: 0x000001ed1056ce40

Heap address: 0x00000000c1c00000, size: 996 MB, Compressed Oops mode: 32-bit

CDS archive(s) mapped at: [0x0000000000000000-0x0000000000000000-0x0000000000000000), size 0, SharedBaseAddress: 0x0000000800000000, ArchiveRelocationMode: 0.
Narrow klass base: 0x0000000000000000, Narrow klass shift: 0, Narrow klass range: 0x0

GC Precious Log:
 CardTable entry size: 512
 Card Set container configuration: InlinePtr #cards 5 size 8 Array Of Cards #cards 12 size 40 Howl #buckets 4 coarsen threshold 1843 Howl Bitmap #cards 512 size 80 coarsen threshold 460 Card regions per heap region 1 cards per card region 2048

Heap:
 garbage-first heap   total 0K, used 0K [0x00000000c1c00000, 0x0000000100000000)
  region size 1024K, 0 young (0K), 0 survivors (0K)

[error occurred during error reporting (printing heap information), id 0xc0000005, EXCEPTION_ACCESS_VIOLATION (0xc0000005) at pc=0x00007ffd1c1d0cb9]

GC Heap History (0 events):
No events

Deoptimization events (0 events):
No events

Classes loaded (0 events):
No events

Classes unloaded (0 events):
No events

Classes redefined (0 events):
No events

Internal exceptions (0 events):
No events

VM Operations (0 events):
No events

Events (1 events):
Event: 0.014 Loaded shared library C:\Program Files\Java\jdk-18.0.1.1\bin\java.dll


Dynamic libraries:
0x00007ff7538c0000 - 0x00007ff7538d0000 	C:\Program Files\Java\jdk-18.0.1.1\bin\javaw.exe
0x00007ffd76d90000 - 0x00007ffd76f88000 	C:\Windows\SYSTEM32\ntdll.dll
0x00007ffd76220000 - 0x00007ffd762dd000 	C:\Windows\System32\KERNEL32.DLL
0x00007ffd746c0000 - 0x00007ffd7498e000 	C:\Windows\System32\KERNELBASE.dll
0x00007ffd74520000 - 0x00007ffd74620000 	C:\Windows\System32\ucrtbase.dll
0x00007ffd697b0000 - 0x00007ffd697ca000 	C:\Program Files\Java\jdk-18.0.1.1\bin\VCRUNTIME140.dll
0x00007ffd684c0000 - 0x00007ffd684d8000 	C:\Program Files\Java\jdk-18.0.1.1\bin\jli.dll
0x00007ffd76420000 - 0x00007ffd764ce000 	C:\Windows\System32\ADVAPI32.dll
0x00007ffd759f0000 - 0x00007ffd75a8e000 	C:\Windows\System32\msvcrt.dll
0x00007ffd766d0000 - 0x00007ffd7676c000 	C:\Windows\System32\sechost.dll
0x00007ffd764d0000 - 0x00007ffd765f5000 	C:\Windows\System32\RPCRT4.dll
0x00007ffd74fd0000 - 0x00007ffd75170000 	C:\Windows\System32\USER32.dll
0x00007ffd74cb0000 - 0x00007ffd74cd2000 	C:\Windows\System32\win32u.dll
0x00007ffd75a90000 - 0x00007ffd75aba000 	C:\Windows\System32\GDI32.dll
0x00007ffd74ce0000 - 0x00007ffd74deb000 	C:\Windows\System32\gdi32full.dll
0x00007ffd74620000 - 0x00007ffd746bd000 	C:\Windows\System32\msvcp_win.dll
0x00007ffd62070000 - 0x00007ffd6230a000 	C:\Windows\WinSxS\amd64_microsoft.windows.common-controls_6595b64144ccf1df_6.0.19041.1110_none_60b5254171f9507e\COMCTL32.dll
0x00007ffd68500000 - 0x00007ffd6850a000 	C:\Windows\SYSTEM32\VERSION.dll
0x00007ffd74fa0000 - 0x00007ffd74fd0000 	C:\Windows\System32\IMM32.DLL
0x00007ffd6ee70000 - 0x00007ffd6ee7c000 	C:\Program Files\Java\jdk-18.0.1.1\bin\vcruntime140_1.dll
0x00007ffd46070000 - 0x00007ffd460fd000 	C:\Program Files\Java\jdk-18.0.1.1\bin\msvcp140.dll
0x00007ffd1bae0000 - 0x00007ffd1c6f0000 	C:\Program Files\Java\jdk-18.0.1.1\bin\server\jvm.dll
0x00007ffd76770000 - 0x00007ffd76778000 	C:\Windows\System32\PSAPI.DLL
0x00007ffd5d920000 - 0x00007ffd5d929000 	C:\Windows\SYSTEM32\WSOCK32.dll
0x00007ffd76660000 - 0x00007ffd766cb000 	C:\Windows\System32\WS2_32.dll
0x00007ffd60300000 - 0x00007ffd60327000 	C:\Windows\SYSTEM32\WINMM.dll
0x00007ffd72d70000 - 0x00007ffd72d82000 	C:\Windows\SYSTEM32\kernel.appcore.dll
0x00007ffd6dfe0000 - 0x00007ffd6dfea000 	C:\Program Files\Java\jdk-18.0.1.1\bin\jimage.dll
0x00007ffd722a0000 - 0x00007ffd72484000 	C:\Windows\SYSTEM32\DBGHELP.DLL
0x00007ffd6a3c0000 - 0x00007ffd6a3ec000 	C:\Windows\SYSTEM32\dbgcore.DLL
0x00007ffd74c20000 - 0x00007ffd74ca2000 	C:\Windows\System32\bcryptPrimitives.dll
0x00007ffd6dfb0000 - 0x00007ffd6dfd5000 	C:\Program Files\Java\jdk-18.0.1.1\bin\java.dll

dbghelp: loaded successfully - version: 4.0.5 - missing functions: none
symbol engine: initialized successfully - sym options: 0x614 - pdb path: .;C:\Program Files\Java\jdk-18.0.1.1\bin;C:\Windows\SYSTEM32;C:\Windows\WinSxS\amd64_microsoft.windows.common-controls_6595b64144ccf1df_6.0.19041.1110_none_60b5254171f9507e;C:\Program Files\Java\jdk-18.0.1.1\bin\server

VM Arguments:
jvm_args: -Dfile.encoding=UTF-8 -XX:+ShowCodeDetailsInExceptionMessages 
java_command: WordSearchFromFile
java_class_path (initial): C:\Users\Admin\eclipse-workspace\Collections\bin
Launcher Type: SUN_STANDARD

[Global flags]
     intx CICompilerCount                          = 3                                         {product} {ergonomic}
     uint ConcGCThreads                            = 1                                         {product} {ergonomic}
     uint G1ConcRefinementThreads                  = 4                                         {product} {ergonomic}
   size_t G1HeapRegionSize                         = 1048576                                   {product} {ergonomic}
    uintx GCDrainStackTargetSize                   = 64                                        {product} {ergonomic}
   size_t InitialHeapSize                          = 67108864                                  {product} {ergonomic}
   size_t MarkStackSize                            = 4194304                                   {product} {ergonomic}
   size_t MaxHeapSize                              = 1044381696                                {product} {ergonomic}
   size_t MinHeapDeltaBytes                        = 1048576                                   {product} {ergonomic}
   size_t MinHeapSize                              = 8388608                                   {product} {ergonomic}
    uintx NonNMethodCodeHeapSize                   = 5832780                                {pd product} {ergonomic}
    uintx NonProfiledCodeHeapSize                  = 122912730                              {pd product} {ergonomic}
    uintx ProfiledCodeHeapSize                     = 122912730                              {pd product} {ergonomic}
    uintx ReservedCodeCacheSize                    = 251658240                              {pd product} {ergonomic}
     bool SegmentedCodeCache                       = true                                      {product} {ergonomic}
     bool ShowCodeDetailsInExceptionMessages       = true                                   {manageable} {command line}
   size_t SoftMaxHeapSize                          = 1044381696                             {manageable} {ergonomic}
     bool UseCompressedClassPointers               = true                           {product lp64_product} {ergonomic}
     bool UseCompressedOops                        = true                           {product lp64_product} {ergonomic}
     bool UseG1GC                                  = true                                      {product} {ergonomic}
     bool UseLargePagesIndividualAllocation        = false                                  {pd product} {ergonomic}

Logging:
Log output configuration:
 #0: stdout all=warning uptime,level,tags foldmultilines=false
 #1: stderr all=off uptime,level,tags foldmultilines=false

Environment Variables:
CLASSPATH=C:\Users\Admin\eclipse-workspace\WelcomeToKanerika\src
PATH=C:/Program Files/Java/jdk-18.0.1.1/bin/server;C:/Program Files/Java/jdk-18.0.1.1/bin;C:\Program Files\Common Files\Oracle\Java\javapath;C:\Program Files\Java\jre1.8.0_333\bin;C:\Program Files\Java\jdk-18.0.1.1\bin;C:\Program Files\dotnet\;C:\Program Files (x86)\Intel\Intel(R) Management Engine Components\DAL;C:\Program Files\Intel\Intel(R) Management Engine Components\DAL;C:\Program Files\Java\jdk-18.0.1.1\bin;C:\Users\Admin\AppData\Local\Microsoft\WindowsApps;;C:\Users\Admin\eclipse\java-2022-06\eclipse;
USERNAME=Admin
OS=Windows_NT
PROCESSOR_IDENTIFIER=Intel64 Family 6 Model 142 Stepping 9, GenuineIntel



---------------  S Y S T E M  ---------------

OS:
 Windows 10 , 64 bit Build 19041 (10.0.19041.1806)
OS uptime: 1 days 6:46 hours

CPU: total 4 (initial active 4) (2 cores per cpu, 2 threads per core) family 6 model 142 stepping 9 microcode 0xf0, cx8, cmov, fxsr, ht, mmx, 3dnowpref, sse, sse2, sse3, ssse3, sse4.1, sse4.2, popcnt, lzcnt, tsc, tscinvbit, avx, avx2, aes, erms, clmul, bmi1, bmi2, rtm, adx, fma, vzeroupper, clflush, clflushopt

Memory: 4k page, system-wide physical 3977M (260M free)
TotalPageFile size 16265M (AvailPageFile size 29M)
current process WorkingSet (physical memory assigned to process): 10M, peak: 10M
current process commit charge ("private bytes"): 51M, peak: 115M

vm_info: Java HotSpot(TM) 64-Bit Server VM (18.0.1.1+2-6) for windows-amd64 JRE (18.0.1.1+2-6), built on Apr 25 2022 21:53:15 by "mach5one" with MS VC++ 16.8 / 16.9 (VS2019)

END.
